# JRE version: OpenJDK Runtime Environment (8.0_152-b01) (build 1.8.0_152-release-915-b01)
# Java VM: OpenJDK 64-Bit Server VM (25.152-b01 mixed mode windows-amd64 compressed oops)
Heap:
 PSYoungGen      total 335360K, used 116904K [0x00000000e0000000, 0x00000000f7f80000, 0x0000000100000000)
  eden space 278016K, 26% used [0x00000000e0000000,0x00000000e47d2708,0x00000000f0f80000)
  from space 57344K, 75% used [0x00000000f0f80000,0x00000000f39d7be0,0x00000000f4780000)
  to   space 55808K, 0% used [0x00000000f4900000,0x00000000f4900000,0x00000000f7f80000)
 ParOldGen       total 196096K, used 71439K [0x00000000a0000000, 0x00000000abf80000, 0x00000000e0000000)
  object space 196096K, 36% used [0x00000000a0000000,0x00000000a45c3ef0,0x00000000abf80000)
 Metaspace       used 91525K, capacity 98540K, committed 100300K, reserved 1136640K
  class space    used 11548K, capacity 13217K, committed 13568K, reserved 1048576K
GC Heap History (10 events):
Event: 5315.939 GC heap before
{Heap before GC invocations=37 (full 4):
 PSYoungGen      total 285696K, used 233856K [0x00000000e0000000, 0x00000000f5380000, 0x0000000100000000)
  eden space 229888K, 100% used [0x00000000e0000000,0x00000000ee080000,0x00000000ee080000)
  from space 55808K, 7% used [0x00000000f1900000,0x00000000f1ce0010,0x00000000f4f80000)
  to   space 57856K, 0% used [0x00000000ee080000,0x00000000ee080000,0x00000000f1900000)
 ParOldGen       total 196096K, used 71391K [0x00000000a0000000, 0x00000000abf80000, 0x00000000e0000000)
  object space 196096K, 36% used [0x00000000a0000000,0x00000000a45b7ef0,0x00000000abf80000)
 Metaspace       used 90214K, capacity 96972K, committed 98892K, reserved 1134592K
  class space    used 11407K, capacity 13033K, committed 13440K, reserved 1048576K
Event: 5315.951 GC heap after
Heap after GC invocations=37 (full 4):
 PSYoungGen      total 287744K, used 9280K [0x00000000e0000000, 0x00000000f8180000, 0x0000000100000000)
  eden space 229888K, 0% used [0x00000000e0000000,0x00000000e0000000,0x00000000ee080000)
  from space 57856K, 16% used [0x00000000ee080000,0x00000000ee9900d0,0x00000000f1900000)
  to   space 57856K, 0% used [0x00000000f4900000,0x00000000f4900000,0x00000000f8180000)
 ParOldGen       total 196096K, used 71399K [0x00000000a0000000, 0x00000000abf80000, 0x00000000e0000000)
  object space 196096K, 36% used [0x00000000a0000000,0x00000000a45b9ef0,0x00000000abf80000)
 Metaspace       used 90214K, capacity 96972K, committed 98892K, reserved 1134592K
  class space    used 11407K, capacity 13033K, committed 13440K, reserved 1048576K
}
Event: 5316.626 GC heap before
{Heap before GC invocations=38 (full 4):
 PSYoungGen      total 287744K, used 239168K [0x00000000e0000000, 0x00000000f8180000, 0x0000000100000000)
  eden space 229888K, 100% used [0x00000000e0000000,0x00000000ee080000,0x00000000ee080000)
  from space 57856K, 16% used [0x00000000ee080000,0x00000000ee9900d0,0x00000000f1900000)
  to   space 57856K, 0% used [0x00000000f4900000,0x00000000f4900000,0x00000000f8180000)
 ParOldGen       total 196096K, used 71399K [0x00000000a0000000, 0x00000000abf80000, 0x00000000e0000000)
  object space 196096K, 36% used [0x00000000a0000000,0x00000000a45b9ef0,0x00000000abf80000)
 Metaspace       used 90292K, capacity 97040K, committed 98892K, reserved 1134592K
  class space    used 11407K, capacity 13033K, committed 13440K, reserved 1048576K
Event: 5316.650 GC heap after
Heap after GC invocations=38 (full 4):
 PSYoungGen      total 333824K, used 10096K [0x00000000e0000000, 0x00000000f7f80000, 0x0000000100000000)
  eden space 278016K, 0% used [0x00000000e0000000,0x00000000e0000000,0x00000000f0f80000)
  from space 55808K, 18% used [0x00000000f4900000,0x00000000f52dc0c0,0x00000000f7f80000)
  to   space 57344K, 0% used [0x00000000f0f80000,0x00000000f0f80000,0x00000000f4780000)
 ParOldGen       total 196096K, used 71407K [0x00000000a0000000, 0x00000000abf80000, 0x00000000e0000000)
  object space 196096K, 36% used [0x00000000a0000000,0x00000000a45bbef0,0x00000000abf80000)
 Metaspace       used 90292K, capacity 97040K, committed 98892K, reserved 1134592K
  class space    used 11407K, capacity 13033K, committed 13440K, reserved 1048576K
}
Event: 5317.340 GC heap before
{Heap before GC invocations=39 (full 4):
 PSYoungGen      total 333824K, used 288112K [0x00000000e0000000, 0x00000000f7f80000, 0x0000000100000000)
  eden space 278016K, 100% used [0x00000000e0000000,0x00000000f0f80000,0x00000000f0f80000)
  from space 55808K, 18% used [0x00000000f4900000,0x00000000f52dc0c0,0x00000000f7f80000)
  to   space 57344K, 0% used [0x00000000f0f80000,0x00000000f0f80000,0x00000000f4780000)
 ParOldGen       total 196096K, used 71407K [0x00000000a0000000, 0x00000000abf80000, 0x00000000e0000000)
  object space 196096K, 36% used [0x00000000a0000000,0x00000000a45bbef0,0x00000000abf80000)
 Metaspace       used 90320K, capacity 97104K, committed 99148K, reserved 1134592K
  class space    used 11407K, capacity 13033K, committed 13440K, reserved 1048576K
Event: 5317.366 GC heap after
Heap after GC invocations=39 (full 4):
 PSYoungGen      total 335360K, used 15040K [0x00000000e0000000, 0x00000000f7f80000, 0x0000000100000000)
  eden space 278016K, 0% used [0x00000000e0000000,0x00000000e0000000,0x00000000f0f80000)
  from space 57344K, 26% used [0x00000000f0f80000,0x00000000f1e300d0,0x00000000f4780000)
  to   space 55808K, 0% used [0x00000000f4900000,0x00000000f4900000,0x00000000f7f80000)
 ParOldGen       total 196096K, used 71415K [0x00000000a0000000, 0x00000000abf80000, 0x00000000e0000000)
  object space 196096K, 36% used [0x00000000a0000000,0x00000000a45bdef0,0x00000000abf80000)
 Metaspace       used 90320K, capacity 97104K, committed 99148K, reserved 1134592K
  class space    used 11407K, capacity 13033K, committed 13440K, reserved 1048576K
}
Event: 5318.062 GC heap before
{Heap before GC invocations=40 (full 4):
 PSYoungGen      total 335360K, used 293056K [0x00000000e0000000, 0x00000000f7f80000, 0x0000000100000000)
  eden space 278016K, 100% used [0x00000000e0000000,0x00000000f0f80000,0x00000000f0f80000)
  from space 57344K, 26% used [0x00000000f0f80000,0x00000000f1e300d0,0x00000000f4780000)
  to   space 55808K, 0% used [0x00000000f4900000,0x00000000f4900000,0x00000000f7f80000)
 ParOldGen       total 196096K, used 71415K [0x00000000a0000000, 0x00000000abf80000, 0x00000000e0000000)
  object space 196096K, 36% used [0x00000000a0000000,0x00000000a45bdef0,0x00000000abf80000)
 Metaspace       used 90363K, capacity 97122K, committed 99148K, reserved 1134592K
  class space    used 11412K, capacity 13036K, committed 13440K, reserved 1048576K
Event: 5318.085 GC heap after
Heap after GC invocations=40 (full 4):
 PSYoungGen      total 333824K, used 17552K [0x00000000e0000000, 0x00000000f7f80000, 0x0000000100000000)
  eden space 278016K, 0% used [0x00000000e0000000,0x00000000e0000000,0x00000000f0f80000)
  from space 55808K, 31% used [0x00000000f4900000,0x00000000f5a240d0,0x00000000f7f80000)
  to   space 57344K, 0% used [0x00000000f0f80000,0x00000000f0f80000,0x00000000f4780000)
 ParOldGen       total 196096K, used 71431K [0x00000000a0000000, 0x00000000abf80000, 0x00000000e0000000)
  object space 196096K, 36% used [0x00000000a0000000,0x00000000a45c1ef0,0x00000000abf80000)
 Metaspace       used 90363K, capacity 97122K, committed 99148K, reserved 1134592K
  class space    used 11412K, capacity 13036K, committed 13440K, reserved 1048576K
}
Event: 5320.390 GC heap before
{Heap before GC invocations=41 (full 4):
 PSYoungGen      total 333824K, used 295568K [0x00000000e0000000, 0x00000000f7f80000, 0x0000000100000000)
  eden space 278016K, 100% used [0x00000000e0000000,0x00000000f0f80000,0x00000000f0f80000)
  from space 55808K, 31% used [0x00000000f4900000,0x00000000f5a240d0,0x00000000f7f80000)
  to   space 57344K, 0% used [0x00000000f0f80000,0x00000000f0f80000,0x00000000f4780000)
 ParOldGen       total 196096K, used 71431K [0x00000000a0000000, 0x00000000abf80000, 0x00000000e0000000)
  object space 196096K, 36% used [0x00000000a0000000,0x00000000a45c1ef0,0x00000000abf80000)
 Metaspace       used 91233K, capacity 98078K, committed 100044K, reserved 1136640K
  class space    used 11504K, capacity 13138K, committed 13568K, reserved 1048576K
Event: 5320.431 GC heap after
Heap after GC invocations=41 (full 4):
 PSYoungGen      total 335360K, used 43358K [0x00000000e0000000, 0x00000000f7f80000, 0x0000000100000000)
  eden space 278016K, 0% used [0x00000000e0000000,0x00000000e0000000,0x00000000f0f80000)
  from space 57344K, 75% used [0x00000000f0f80000,0x00000000f39d7be0,0x00000000f4780000)
  to   space 55808K, 0% used [0x00000000f4900000,0x00000000f4900000,0x00000000f7f80000)
 ParOldGen       total 196096K, used 71439K [0x00000000a0000000, 0x00000000abf80000, 0x00000000e0000000)
  object space 196096K, 36% used [0x00000000a0000000,0x00000000a45c3ef0,0x00000000abf80000)
 Metaspace       used 91233K, capacity 98078K, committed 100044K, reserved 1136640K
  class space    used 11504K, capacity 13138K, committed 13568K, reserved 1048576K
}

